7/17/2022, 3:51:03 PM - INFO - Req was made
7/17/2022, 3:51:03 PM - DEBUG - Getting Toys
7/17/2022, 3:51:56 PM - INFO - Req was made
7/17/2022, 3:51:56 PM - DEBUG - Getting Toys
7/17/2022, 3:53:51 PM - INFO - Req was made
7/17/2022, 3:53:51 PM - DEBUG - Getting Toys
7/17/2022, 3:54:20 PM - INFO - Req was made
7/17/2022, 3:54:20 PM - DEBUG - Getting Toys
7/17/2022, 3:54:23 PM - INFO - Req was made
7/17/2022, 3:54:23 PM - DEBUG - Getting Toys
7/17/2022, 3:57:19 PM - INFO - Req was made
7/17/2022, 3:57:19 PM - DEBUG - Getting Toys
7/17/2022, 4:03:26 PM - INFO - Req was made
7/17/2022, 4:03:26 PM - DEBUG - Getting Toys
7/17/2022, 4:09:51 PM - INFO - Req was made
7/17/2022, 4:09:51 PM - DEBUG - Getting Toys
7/17/2022, 4:10:12 PM - INFO - Req was made
7/17/2022, 4:10:12 PM - DEBUG - Getting Toys
7/17/2022, 4:13:01 PM - INFO - Req was made
7/17/2022, 4:13:01 PM - DEBUG - Getting Toys
7/17/2022, 4:17:18 PM - INFO - Req was made
7/17/2022, 4:17:18 PM - DEBUG - Getting Toys
7/17/2022, 4:20:53 PM - INFO - Req was made
7/17/2022, 4:20:53 PM - DEBUG - Getting Toys
7/17/2022, 4:37:44 PM - INFO - Req was made
7/17/2022, 4:37:44 PM - DEBUG - Getting Toys
7/17/2022, 4:41:03 PM - INFO - Server is running on port: 3030
7/17/2022, 4:41:28 PM - INFO - Req was made
7/17/2022, 4:41:28 PM - DEBUG - Getting Toys
7/17/2022, 4:41:40 PM - INFO - Req was made
7/17/2022, 4:41:40 PM - DEBUG - Getting Toys
7/17/2022, 4:41:56 PM - INFO - Req was made
7/17/2022, 4:41:56 PM - DEBUG - Getting Toys
7/17/2022, 4:42:10 PM - ERROR - while finding toy undefined | {}
7/17/2022, 4:42:10 PM - ERROR - Failed to get toy | {}
7/17/2022, 4:42:21 PM - ERROR - while finding toy undefined | {}
7/17/2022, 4:42:21 PM - ERROR - Failed to get toy | {}
7/17/2022, 4:42:54 PM - ERROR - while finding toy undefined | {}
7/17/2022, 4:42:54 PM - ERROR - Failed to get toy | {}
7/17/2022, 4:45:59 PM - ERROR - while finding toy undefined | {}
7/17/2022, 4:45:59 PM - ERROR - Failed to get toy | {}
7/17/2022, 4:46:59 PM - INFO - Req was made
7/17/2022, 4:46:59 PM - DEBUG - Getting Toys
7/17/2022, 4:52:33 PM - ERROR - while finding toy undefined | {}
7/17/2022, 4:52:33 PM - ERROR - Failed to get toy | {}
7/17/2022, 4:53:25 PM - INFO - Req was made
7/17/2022, 4:53:25 PM - DEBUG - Getting Toys
7/17/2022, 4:54:09 PM - INFO - Req was made
7/17/2022, 4:54:09 PM - DEBUG - Getting Toys
7/17/2022, 5:02:48 PM - INFO - Req was made
7/17/2022, 5:02:48 PM - DEBUG - Getting Toys
7/17/2022, 5:02:50 PM - INFO - Req was made
7/17/2022, 5:02:50 PM - DEBUG - Getting Toys
7/17/2022, 5:15:47 PM - INFO - Req was made
7/17/2022, 5:15:47 PM - DEBUG - Getting Toys
7/17/2022, 5:17:49 PM - INFO - Req was made
7/17/2022, 5:17:49 PM - DEBUG - Getting Toys
7/17/2022, 5:18:30 PM - INFO - Req was made
7/17/2022, 5:18:30 PM - DEBUG - Getting Toys
7/17/2022, 5:19:07 PM - INFO - Req was made
7/17/2022, 5:19:07 PM - DEBUG - Getting Toys
7/17/2022, 5:19:13 PM - INFO - Req was made
7/17/2022, 5:19:13 PM - DEBUG - Getting Toys
7/17/2022, 5:19:43 PM - INFO - Req was made
7/17/2022, 5:19:43 PM - DEBUG - Getting Toys
7/17/2022, 5:21:02 PM - INFO - Req was made
7/17/2022, 5:21:02 PM - DEBUG - Getting Toys
7/17/2022, 5:21:38 PM - INFO - Req was made
7/17/2022, 5:21:38 PM - DEBUG - Getting Toys
7/17/2022, 5:21:43 PM - INFO - Req was made
7/17/2022, 5:21:43 PM - DEBUG - Getting Toys
7/17/2022, 5:35:40 PM - INFO - Req was made
7/17/2022, 5:35:40 PM - DEBUG - Getting Toys
7/17/2022, 5:37:52 PM - INFO - Req was made
7/17/2022, 5:37:53 PM - DEBUG - Getting Toys
7/17/2022, 5:38:00 PM - INFO - Req was made
7/17/2022, 5:38:00 PM - DEBUG - Getting Toys
7/17/2022, 5:39:45 PM - INFO - Req was made
7/17/2022, 5:39:45 PM - DEBUG - Getting Toys
7/17/2022, 5:39:52 PM - INFO - Req was made
7/17/2022, 5:39:52 PM - DEBUG - Getting Toys
7/17/2022, 5:42:53 PM - INFO - Server is running on port: 3030
7/17/2022, 5:48:19 PM - INFO - Req was made
7/17/2022, 5:48:19 PM - DEBUG - Getting Toys
7/17/2022, 5:50:30 PM - INFO - Req was made
7/17/2022, 5:50:30 PM - DEBUG - Getting Toys
7/17/2022, 5:50:36 PM - INFO - Req was made
7/17/2022, 5:50:36 PM - DEBUG - Getting Toys
7/17/2022, 5:57:15 PM - INFO - Server is running on port: 3030
7/17/2022, 5:57:32 PM - INFO - Req was made
7/17/2022, 5:57:32 PM - DEBUG - Getting Toys
7/17/2022, 6:02:04 PM - INFO - Req was made
7/17/2022, 6:02:04 PM - DEBUG - Getting Toys
7/17/2022, 6:02:15 PM - INFO - Req was made
7/17/2022, 6:02:15 PM - DEBUG - Getting Toys
7/17/2022, 6:03:21 PM - INFO - Req was made
7/17/2022, 6:03:21 PM - DEBUG - Getting Toys
7/17/2022, 6:04:52 PM - INFO - Server is running on port: 3030
7/17/2022, 6:04:57 PM - INFO - Req was made
7/17/2022, 6:04:57 PM - DEBUG - Getting Toys
7/17/2022, 6:06:19 PM - INFO - Req was made
7/17/2022, 6:06:19 PM - DEBUG - Getting Toys
7/17/2022, 6:09:40 PM - INFO - Server is running on port: 3030
7/17/2022, 6:09:46 PM - INFO - Req was made
7/17/2022, 6:09:46 PM - DEBUG - Getting Toys
7/17/2022, 6:15:13 PM - INFO - Req was made
7/17/2022, 6:15:13 PM - DEBUG - Getting Toys
7/17/2022, 6:15:28 PM - INFO - Req was made
7/17/2022, 6:15:28 PM - DEBUG - Getting Toys
7/17/2022, 6:16:00 PM - INFO - Req was made
7/17/2022, 6:16:00 PM - DEBUG - Getting Toys
7/17/2022, 6:16:34 PM - INFO - Req was made
7/17/2022, 6:16:34 PM - DEBUG - Getting Toys
7/17/2022, 6:17:01 PM - INFO - Req was made
7/17/2022, 6:17:01 PM - DEBUG - Getting Toys
7/17/2022, 6:17:17 PM - INFO - Req was made
7/17/2022, 6:17:17 PM - DEBUG - Getting Toys
7/17/2022, 6:17:30 PM - INFO - Req was made
7/17/2022, 6:17:30 PM - DEBUG - Getting Toys
7/17/2022, 6:17:31 PM - INFO - Req was made
7/17/2022, 6:17:31 PM - DEBUG - Getting Toys
7/17/2022, 6:17:34 PM - INFO - Req was made
7/17/2022, 6:17:34 PM - DEBUG - Getting Toys
7/17/2022, 6:17:39 PM - INFO - Req was made
7/17/2022, 6:17:39 PM - DEBUG - Getting Toys
7/17/2022, 6:17:44 PM - INFO - Req was made
7/17/2022, 6:17:44 PM - DEBUG - Getting Toys
7/17/2022, 6:17:47 PM - INFO - Req was made
7/17/2022, 6:17:47 PM - DEBUG - Getting Toys
7/17/2022, 6:17:53 PM - INFO - Req was made
7/17/2022, 6:17:53 PM - DEBUG - Getting Toys
7/17/2022, 6:17:55 PM - INFO - Req was made
7/17/2022, 6:17:55 PM - DEBUG - Getting Toys
7/17/2022, 6:18:05 PM - INFO - Req was made
7/17/2022, 6:18:05 PM - DEBUG - Getting Toys
7/17/2022, 6:18:08 PM - INFO - Req was made
7/17/2022, 6:18:08 PM - DEBUG - Getting Toys
7/17/2022, 6:18:11 PM - INFO - Req was made
7/17/2022, 6:18:11 PM - DEBUG - Getting Toys
7/17/2022, 6:18:14 PM - INFO - Req was made
7/17/2022, 6:18:14 PM - DEBUG - Getting Toys
7/17/2022, 6:18:16 PM - INFO - Req was made
7/17/2022, 6:18:16 PM - DEBUG - Getting Toys
7/17/2022, 6:18:20 PM - INFO - Req was made
7/17/2022, 6:18:20 PM - DEBUG - Getting Toys
7/17/2022, 6:18:26 PM - INFO - Req was made
7/17/2022, 6:18:26 PM - DEBUG - Getting Toys
7/17/2022, 6:22:48 PM - INFO - Req was made
7/17/2022, 6:22:48 PM - DEBUG - Getting Toys
7/17/2022, 6:23:55 PM - INFO - Req was made
7/17/2022, 6:23:55 PM - DEBUG - Getting Toys
7/17/2022, 6:24:44 PM - INFO - Req was made
7/17/2022, 6:24:44 PM - DEBUG - Getting Toys
7/17/2022, 6:24:50 PM - INFO - Req was made
7/17/2022, 6:24:50 PM - DEBUG - Getting Toys
7/17/2022, 6:28:30 PM - INFO - Server is running on port: 3030
7/17/2022, 6:32:16 PM - INFO - Req was made
7/17/2022, 6:32:16 PM - DEBUG - Getting Toys
7/17/2022, 6:32:50 PM - INFO - Req was made
7/17/2022, 6:32:50 PM - DEBUG - Getting Toys
7/17/2022, 6:33:49 PM - INFO - Req was made
7/17/2022, 6:33:49 PM - DEBUG - Getting Toys
7/17/2022, 7:27:39 PM - INFO - Req was made
7/17/2022, 7:27:39 PM - DEBUG - Getting Toys
7/17/2022, 7:29:50 PM - INFO - Req was made
7/17/2022, 7:29:50 PM - DEBUG - Getting Toys
7/17/2022, 7:36:39 PM - INFO - Server is running on port: 3030
7/17/2022, 7:36:45 PM - INFO - Req was made
7/17/2022, 7:36:45 PM - DEBUG - Getting Toys
7/17/2022, 7:41:41 PM - INFO - Server is running on port: 3030
7/17/2022, 7:41:44 PM - ERROR - while finding toy undefined | {}
7/17/2022, 7:41:44 PM - ERROR - Failed to get toy | {}
7/17/2022, 7:42:26 PM - INFO - Server is running on port: 3030
7/17/2022, 7:43:54 PM - INFO - Req was made
7/17/2022, 7:43:54 PM - DEBUG - Getting Toys
7/17/2022, 7:46:12 PM - INFO - Req was made
7/17/2022, 7:46:12 PM - DEBUG - Getting Toys
7/17/2022, 7:47:17 PM - INFO - Req was made
7/17/2022, 7:47:17 PM - DEBUG - Getting Toys
7/17/2022, 7:49:06 PM - INFO - Req was made
7/17/2022, 7:49:06 PM - DEBUG - Getting Toys
7/17/2022, 7:50:35 PM - INFO - Req was made
7/17/2022, 7:50:35 PM - DEBUG - Getting Toys
7/17/2022, 8:02:14 PM - INFO - Req was made
7/17/2022, 8:02:14 PM - DEBUG - Getting Toys
7/17/2022, 8:02:17 PM - INFO - Req was made
7/17/2022, 8:02:17 PM - DEBUG - Getting Toys
7/17/2022, 8:02:37 PM - INFO - Req was made
7/17/2022, 8:02:37 PM - DEBUG - Getting Toys
7/17/2022, 8:02:51 PM - INFO - Req was made
7/17/2022, 8:02:51 PM - DEBUG - Getting Toys
7/17/2022, 8:03:12 PM - INFO - Req was made
7/17/2022, 8:03:12 PM - DEBUG - Getting Toys
7/17/2022, 8:03:16 PM - INFO - Req was made
7/17/2022, 8:03:16 PM - DEBUG - Getting Toys
7/17/2022, 8:03:23 PM - INFO - Req was made
7/17/2022, 8:03:23 PM - DEBUG - Getting Toys
7/17/2022, 8:03:28 PM - INFO - Req was made
7/17/2022, 8:03:28 PM - DEBUG - Getting Toys
7/17/2022, 8:03:42 PM - INFO - Req was made
7/17/2022, 8:03:42 PM - DEBUG - Getting Toys
7/17/2022, 8:03:54 PM - INFO - Req was made
7/17/2022, 8:03:54 PM - DEBUG - Getting Toys
7/17/2022, 8:03:58 PM - INFO - Req was made
7/17/2022, 8:03:58 PM - DEBUG - Getting Toys
7/17/2022, 8:09:03 PM - INFO - Req was made
7/17/2022, 8:09:03 PM - DEBUG - Getting Toys
7/17/2022, 8:11:00 PM - INFO - Req was made
7/17/2022, 8:11:00 PM - DEBUG - Getting Toys
7/17/2022, 8:11:55 PM - INFO - Server is running on port: 3030
7/17/2022, 8:12:04 PM - INFO - Req was made
7/17/2022, 8:12:04 PM - DEBUG - Getting Toys
7/17/2022, 8:12:57 PM - INFO - Server is running on port: 3030
7/17/2022, 8:13:04 PM - INFO - Req was made
7/17/2022, 8:13:04 PM - DEBUG - Getting Toys
7/17/2022, 8:14:55 PM - INFO - Server is running on port: 3030
7/17/2022, 8:15:04 PM - INFO - Req was made
7/17/2022, 8:15:04 PM - DEBUG - Getting Toys
7/17/2022, 8:15:34 PM - INFO - Req was made
7/17/2022, 8:15:34 PM - DEBUG - Getting Toys
7/17/2022, 8:15:56 PM - INFO - Server is running on port: 3030
7/17/2022, 8:16:08 PM - INFO - Req was made
7/17/2022, 8:16:08 PM - DEBUG - Getting Toys
7/17/2022, 8:16:17 PM - INFO - Req was made
7/17/2022, 8:16:17 PM - DEBUG - Getting Toys
7/17/2022, 8:17:56 PM - INFO - Server is running on port: 3030
7/17/2022, 8:18:02 PM - INFO - Req was made
7/17/2022, 8:18:02 PM - DEBUG - Getting Toys
7/17/2022, 8:18:49 PM - INFO - Server is running on port: 3030
7/17/2022, 8:18:57 PM - INFO - Req was made
7/17/2022, 8:18:57 PM - DEBUG - Getting Toys
7/17/2022, 8:18:59 PM - INFO - Req was made
7/17/2022, 8:18:59 PM - DEBUG - Getting Toys
7/17/2022, 8:21:13 PM - INFO - Server is running on port: 3030
7/17/2022, 8:21:19 PM - INFO - Req was made
7/17/2022, 8:21:19 PM - DEBUG - Getting Toys
7/17/2022, 8:21:25 PM - INFO - Req was made
7/17/2022, 8:21:25 PM - DEBUG - Getting Toys
7/17/2022, 8:23:07 PM - INFO - Server is running on port: 3030
7/17/2022, 8:23:08 PM - INFO - Req was made
7/17/2022, 8:23:08 PM - DEBUG - Getting Toys
7/17/2022, 8:23:11 PM - INFO - Req was made
7/17/2022, 8:23:11 PM - DEBUG - Getting Toys
7/17/2022, 8:23:14 PM - INFO - Req was made
7/17/2022, 8:23:14 PM - DEBUG - Getting Toys
7/17/2022, 8:25:28 PM - INFO - Server is running on port: 3030
7/17/2022, 8:25:36 PM - INFO - Req was made
7/17/2022, 8:25:36 PM - DEBUG - Getting Toys
7/17/2022, 8:25:41 PM - INFO - Req was made
7/17/2022, 8:25:41 PM - DEBUG - Getting Toys
7/17/2022, 8:25:46 PM - INFO - Req was made
7/17/2022, 8:25:46 PM - DEBUG - Getting Toys
7/17/2022, 8:25:49 PM - INFO - Req was made
7/17/2022, 8:25:49 PM - DEBUG - Getting Toys
7/17/2022, 8:29:53 PM - INFO - Server is running on port: 3030
7/17/2022, 8:30:00 PM - INFO - Req was made
7/17/2022, 8:30:00 PM - DEBUG - Getting Toys
7/17/2022, 8:30:00 PM - ERROR - cannot find toys | {}
7/17/2022, 8:30:00 PM - ERROR - Failed to get toys | {}
7/17/2022, 8:31:25 PM - INFO - Server is running on port: 3030
7/17/2022, 8:31:39 PM - INFO - Req was made
7/17/2022, 8:31:39 PM - DEBUG - Getting Toys
7/17/2022, 8:32:42 PM - INFO - Server is running on port: 3030
7/17/2022, 8:32:56 PM - INFO - Req was made
7/17/2022, 8:32:56 PM - DEBUG - Getting Toys
7/17/2022, 8:33:09 PM - INFO - Req was made
7/17/2022, 8:33:09 PM - DEBUG - Getting Toys
7/17/2022, 8:33:26 PM - INFO - Req was made
7/17/2022, 8:33:26 PM - DEBUG - Getting Toys
7/17/2022, 8:36:27 PM - INFO - Req was made
7/17/2022, 8:36:27 PM - DEBUG - Getting Toys
7/17/2022, 8:36:33 PM - INFO - Req was made
7/17/2022, 8:36:33 PM - DEBUG - Getting Toys
7/17/2022, 8:36:39 PM - INFO - Req was made
7/17/2022, 8:36:39 PM - DEBUG - Getting Toys
7/17/2022, 8:37:47 PM - INFO - Server is running on port: 3030
7/17/2022, 8:37:53 PM - INFO - Req was made
7/17/2022, 8:37:53 PM - DEBUG - Getting Toys
7/17/2022, 8:37:59 PM - INFO - Req was made
7/17/2022, 8:37:59 PM - DEBUG - Getting Toys
7/17/2022, 8:38:05 PM - INFO - Req was made
7/17/2022, 8:38:05 PM - DEBUG - Getting Toys
7/17/2022, 8:38:11 PM - INFO - Req was made
7/17/2022, 8:38:11 PM - DEBUG - Getting Toys
7/17/2022, 8:39:07 PM - INFO - Req was made
7/17/2022, 8:39:07 PM - DEBUG - Getting Toys
7/17/2022, 8:39:17 PM - INFO - Req was made
7/17/2022, 8:39:17 PM - DEBUG - Getting Toys
7/17/2022, 8:39:22 PM - INFO - Req was made
7/17/2022, 8:39:22 PM - DEBUG - Getting Toys
7/17/2022, 8:40:53 PM - INFO - Server is running on port: 3030
7/17/2022, 8:40:58 PM - INFO - Req was made
7/17/2022, 8:40:58 PM - DEBUG - Getting Toys
7/17/2022, 8:41:22 PM - INFO - Server is running on port: 3030
7/17/2022, 8:44:54 PM - INFO - Server is running on port: 3030
7/17/2022, 8:45:03 PM - INFO - Req was made
7/17/2022, 8:45:03 PM - DEBUG - Getting Toys
7/17/2022, 8:45:03 PM - ERROR - cannot find toys | {}
7/17/2022, 8:45:03 PM - ERROR - Failed to get toys | {}
7/17/2022, 8:46:10 PM - INFO - Req was made
7/17/2022, 8:46:10 PM - DEBUG - Getting Toys
7/17/2022, 8:46:10 PM - ERROR - cannot find toys | {}
7/17/2022, 8:46:10 PM - ERROR - Failed to get toys | {}
7/17/2022, 8:47:08 PM - INFO - Req was made
7/17/2022, 8:47:08 PM - DEBUG - Getting Toys
7/17/2022, 8:47:08 PM - ERROR - cannot find toys | {}
7/17/2022, 8:47:08 PM - ERROR - Failed to get toys | {}
7/17/2022, 8:47:41 PM - INFO - Server is running on port: 3030
7/17/2022, 8:47:47 PM - INFO - Req was made
7/17/2022, 8:47:47 PM - DEBUG - Getting Toys
7/18/2022, 3:00:38 PM - INFO - Server is running on port: 3030
7/18/2022, 3:01:26 PM - INFO - Req was made
7/18/2022, 3:01:26 PM - DEBUG - Getting Toys
7/18/2022, 3:03:47 PM - INFO - Req was made
7/18/2022, 3:03:47 PM - DEBUG - Getting Toys
7/18/2022, 3:04:28 PM - INFO - Req was made
7/18/2022, 3:04:28 PM - DEBUG - Getting Toys
7/18/2022, 3:05:38 PM - INFO - Req was made
7/18/2022, 3:05:38 PM - DEBUG - Getting Toys
7/18/2022, 3:07:47 PM - INFO - Req was made
7/18/2022, 3:07:47 PM - DEBUG - Getting Toys
7/18/2022, 3:08:44 PM - INFO - Req was made
7/18/2022, 3:08:44 PM - DEBUG - Getting Toys
7/18/2022, 3:10:21 PM - INFO - Req was made
7/18/2022, 3:10:21 PM - DEBUG - Getting Toys
7/18/2022, 3:11:45 PM - INFO - Server is running on port: 3030
7/18/2022, 3:12:00 PM - INFO - Req was made
7/18/2022, 3:12:00 PM - DEBUG - Getting Toys
7/18/2022, 3:12:02 PM - INFO - Req was made
7/18/2022, 3:12:02 PM - DEBUG - Getting Toys
7/18/2022, 3:14:52 PM - INFO - Req was made
7/18/2022, 3:14:52 PM - DEBUG - Getting Toys
7/18/2022, 3:22:52 PM - INFO - Req was made
7/18/2022, 3:22:52 PM - DEBUG - Getting Toys
7/18/2022, 3:22:59 PM - INFO - Req was made
7/18/2022, 3:22:59 PM - DEBUG - Getting Toys
7/18/2022, 3:23:02 PM - INFO - Req was made
7/18/2022, 3:23:02 PM - DEBUG - Getting Toys
7/18/2022, 3:23:06 PM - INFO - Req was made
7/18/2022, 3:23:06 PM - DEBUG - Getting Toys
7/18/2022, 3:25:27 PM - INFO - Req was made
7/18/2022, 3:25:27 PM - DEBUG - Getting Toys
7/18/2022, 3:25:38 PM - INFO - Req was made
7/18/2022, 3:25:38 PM - DEBUG - Getting Toys
7/18/2022, 3:28:02 PM - INFO - Req was made
7/18/2022, 3:28:02 PM - DEBUG - Getting Toys
7/18/2022, 3:28:17 PM - INFO - Req was made
7/18/2022, 3:28:17 PM - DEBUG - Getting Toys
7/18/2022, 3:28:19 PM - INFO - Req was made
7/18/2022, 3:28:19 PM - DEBUG - Getting Toys
7/18/2022, 3:28:50 PM - INFO - Server is running on port: 3030
7/18/2022, 3:28:56 PM - INFO - Req was made
7/18/2022, 3:28:56 PM - DEBUG - Getting Toys
7/18/2022, 3:29:23 PM - INFO - Req was made
7/18/2022, 3:29:23 PM - DEBUG - Getting Toys
7/18/2022, 3:29:40 PM - INFO - Req was made
7/18/2022, 3:29:40 PM - DEBUG - Getting Toys
7/18/2022, 3:30:35 PM - INFO - Req was made
7/18/2022, 3:30:35 PM - DEBUG - Getting Toys
7/18/2022, 3:30:36 PM - INFO - Req was made
7/18/2022, 3:30:36 PM - DEBUG - Getting Toys
7/18/2022, 3:31:18 PM - INFO - Req was made
7/18/2022, 3:31:18 PM - DEBUG - Getting Toys
7/18/2022, 3:31:24 PM - INFO - Req was made
7/18/2022, 3:31:24 PM - DEBUG - Getting Toys
7/18/2022, 3:31:50 PM - INFO - Server is running on port: 3030
7/18/2022, 3:31:50 PM - INFO - Req was made
7/18/2022, 3:31:50 PM - DEBUG - Getting Toys
7/18/2022, 3:31:58 PM - INFO - Req was made
7/18/2022, 3:31:58 PM - DEBUG - Getting Toys
7/18/2022, 3:32:19 PM - INFO - Req was made
7/18/2022, 3:32:19 PM - DEBUG - Getting Toys
7/18/2022, 3:34:04 PM - INFO - Server is running on port: 3030
7/18/2022, 3:34:11 PM - INFO - Req was made
7/18/2022, 3:34:11 PM - DEBUG - Getting Toys
7/18/2022, 3:34:16 PM - INFO - Req was made
7/18/2022, 3:34:16 PM - DEBUG - Getting Toys
7/18/2022, 3:34:22 PM - INFO - Req was made
7/18/2022, 3:34:22 PM - DEBUG - Getting Toys
7/18/2022, 3:34:27 PM - INFO - Req was made
7/18/2022, 3:34:27 PM - DEBUG - Getting Toys
7/18/2022, 3:37:37 PM - INFO - Req was made
7/18/2022, 3:37:37 PM - DEBUG - Getting Toys
7/18/2022, 3:37:40 PM - INFO - Req was made
7/18/2022, 3:37:40 PM - DEBUG - Getting Toys
7/18/2022, 3:37:45 PM - INFO - Req was made
7/18/2022, 3:37:45 PM - DEBUG - Getting Toys
7/18/2022, 3:37:51 PM - INFO - Req was made
7/18/2022, 3:37:51 PM - DEBUG - Getting Toys
7/18/2022, 3:37:56 PM - INFO - Req was made
7/18/2022, 3:37:56 PM - DEBUG - Getting Toys
7/18/2022, 3:39:16 PM - INFO - Req was made
7/18/2022, 3:39:16 PM - DEBUG - Getting Toys
7/18/2022, 3:39:19 PM - INFO - Req was made
7/18/2022, 3:39:19 PM - DEBUG - Getting Toys
7/18/2022, 3:39:24 PM - INFO - Req was made
7/18/2022, 3:39:24 PM - DEBUG - Getting Toys
7/18/2022, 3:40:05 PM - INFO - Server is running on port: 3030
7/18/2022, 3:40:12 PM - INFO - Req was made
7/18/2022, 3:40:12 PM - DEBUG - Getting Toys
7/18/2022, 3:40:12 PM - ERROR - cannot find toys | {}
7/18/2022, 3:40:12 PM - ERROR - Failed to get toys | {}
7/18/2022, 3:40:17 PM - INFO - Req was made
7/18/2022, 3:40:17 PM - DEBUG - Getting Toys
7/18/2022, 3:40:24 PM - INFO - Req was made
7/18/2022, 3:40:24 PM - DEBUG - Getting Toys
7/18/2022, 3:40:24 PM - ERROR - cannot find toys | {}
7/18/2022, 3:40:24 PM - ERROR - Failed to get toys | {}
7/18/2022, 3:40:58 PM - INFO - Server is running on port: 3030
7/18/2022, 3:41:06 PM - INFO - Req was made
7/18/2022, 3:41:06 PM - DEBUG - Getting Toys
7/18/2022, 3:41:09 PM - INFO - Req was made
7/18/2022, 3:41:09 PM - DEBUG - Getting Toys
7/18/2022, 3:41:09 PM - ERROR - cannot find toys | {}
7/18/2022, 3:41:09 PM - ERROR - Failed to get toys | {}
7/18/2022, 3:42:04 PM - INFO - Server is running on port: 3030
7/18/2022, 3:42:08 PM - INFO - Req was made
7/18/2022, 3:42:08 PM - DEBUG - Getting Toys
7/18/2022, 3:42:11 PM - INFO - Req was made
7/18/2022, 3:42:11 PM - DEBUG - Getting Toys
7/18/2022, 3:42:11 PM - ERROR - cannot find toys | {}
7/18/2022, 3:42:11 PM - ERROR - Failed to get toys | {}
7/18/2022, 3:42:15 PM - INFO - Req was made
7/18/2022, 3:42:15 PM - DEBUG - Getting Toys
7/18/2022, 3:42:15 PM - ERROR - cannot find toys | {}
7/18/2022, 3:42:15 PM - ERROR - Failed to get toys | {}
7/18/2022, 3:42:55 PM - INFO - Req was made
7/18/2022, 3:42:55 PM - DEBUG - Getting Toys
7/18/2022, 3:42:59 PM - INFO - Req was made
7/18/2022, 3:42:59 PM - DEBUG - Getting Toys
7/18/2022, 3:42:59 PM - ERROR - cannot find toys | {}
7/18/2022, 3:42:59 PM - ERROR - Failed to get toys | {}
7/18/2022, 3:43:05 PM - INFO - Req was made
7/18/2022, 3:43:05 PM - DEBUG - Getting Toys
7/18/2022, 3:43:05 PM - ERROR - cannot find toys | {}
7/18/2022, 3:43:05 PM - ERROR - Failed to get toys | {}
7/18/2022, 3:44:01 PM - INFO - Req was made
7/18/2022, 3:44:01 PM - DEBUG - Getting Toys
7/18/2022, 3:44:01 PM - ERROR - cannot find toys | {}
7/18/2022, 3:44:01 PM - ERROR - Failed to get toys | {}
7/18/2022, 3:44:06 PM - INFO - Req was made
7/18/2022, 3:44:06 PM - DEBUG - Getting Toys
7/18/2022, 3:44:32 PM - INFO - Server is running on port: 3030
7/18/2022, 3:44:33 PM - INFO - Req was made
7/18/2022, 3:44:33 PM - DEBUG - Getting Toys
7/18/2022, 3:44:44 PM - INFO - Req was made
7/18/2022, 3:44:44 PM - DEBUG - Getting Toys
7/18/2022, 3:44:47 PM - INFO - Req was made
7/18/2022, 3:44:47 PM - DEBUG - Getting Toys
7/18/2022, 3:44:52 PM - INFO - Req was made
7/18/2022, 3:44:52 PM - DEBUG - Getting Toys
7/18/2022, 3:45:02 PM - INFO - Req was made
7/18/2022, 3:45:02 PM - DEBUG - Getting Toys
7/18/2022, 3:45:25 PM - INFO - Req was made
7/18/2022, 3:45:25 PM - DEBUG - Getting Toys
7/18/2022, 3:45:30 PM - INFO - Req was made
7/18/2022, 3:45:30 PM - DEBUG - Getting Toys
7/18/2022, 3:45:33 PM - INFO - Req was made
7/18/2022, 3:45:33 PM - DEBUG - Getting Toys
7/18/2022, 3:45:37 PM - INFO - Req was made
7/18/2022, 3:45:37 PM - DEBUG - Getting Toys
7/18/2022, 3:56:29 PM - INFO - Req was made
7/18/2022, 3:56:29 PM - DEBUG - Getting Toys
7/18/2022, 3:56:32 PM - INFO - Req was made
7/18/2022, 3:56:32 PM - DEBUG - Getting Toys
7/18/2022, 3:56:48 PM - INFO - Server is running on port: 3030
7/18/2022, 3:56:52 PM - INFO - Req was made
7/18/2022, 3:56:52 PM - DEBUG - Getting Toys
7/18/2022, 3:56:55 PM - INFO - Req was made
7/18/2022, 3:56:55 PM - DEBUG - Getting Toys
7/18/2022, 3:56:58 PM - INFO - Req was made
7/18/2022, 3:56:58 PM - DEBUG - Getting Toys
7/18/2022, 4:15:14 PM - INFO - Server is running on port: 3030
7/18/2022, 4:15:32 PM - INFO - Req was made
7/18/2022, 4:15:32 PM - DEBUG - Getting Toys
7/18/2022, 4:15:34 PM - INFO - Req was made
7/18/2022, 4:15:34 PM - DEBUG - Getting Toys
7/18/2022, 4:15:34 PM - INFO - Req was made
7/18/2022, 4:15:34 PM - DEBUG - Getting Toys
7/18/2022, 4:15:42 PM - INFO - Req was made
7/18/2022, 4:15:42 PM - DEBUG - Getting Toys
7/18/2022, 4:16:09 PM - INFO - Req was made
7/18/2022, 4:16:09 PM - DEBUG - Getting Toys
7/18/2022, 4:16:24 PM - INFO - Server is running on port: 3030
7/18/2022, 4:16:34 PM - INFO - Req was made
7/18/2022, 4:16:34 PM - DEBUG - Getting Toys
7/18/2022, 4:17:28 PM - INFO - Server is running on port: 3030
7/18/2022, 4:17:31 PM - INFO - Req was made
7/18/2022, 4:17:31 PM - DEBUG - Getting Toys
7/18/2022, 4:19:43 PM - INFO - Server is running on port: 3030
7/18/2022, 4:19:49 PM - INFO - Req was made
7/18/2022, 4:19:49 PM - DEBUG - Getting Toys
7/18/2022, 4:19:52 PM - INFO - Req was made
7/18/2022, 4:19:52 PM - DEBUG - Getting Toys
7/18/2022, 4:19:54 PM - INFO - Req was made
7/18/2022, 4:19:54 PM - DEBUG - Getting Toys
7/18/2022, 4:19:57 PM - INFO - Req was made
7/18/2022, 4:19:57 PM - DEBUG - Getting Toys
7/18/2022, 4:20:43 PM - INFO - Req was made
7/18/2022, 4:20:43 PM - DEBUG - Getting Toys
7/18/2022, 4:21:22 PM - INFO - Req was made
7/18/2022, 4:21:22 PM - DEBUG - Getting Toys
7/18/2022, 4:21:33 PM - INFO - Server is running on port: 3030
7/18/2022, 4:21:37 PM - INFO - Req was made
7/18/2022, 4:21:37 PM - DEBUG - Getting Toys
7/18/2022, 4:21:46 PM - INFO - Req was made
7/18/2022, 4:21:46 PM - DEBUG - Getting Toys
7/18/2022, 4:21:57 PM - INFO - Req was made
7/18/2022, 4:21:57 PM - DEBUG - Getting Toys
7/18/2022, 4:22:57 PM - INFO - Server is running on port: 3030
7/18/2022, 4:23:00 PM - INFO - Req was made
7/18/2022, 4:23:00 PM - DEBUG - Getting Toys
7/18/2022, 4:23:05 PM - INFO - Req was made
7/18/2022, 4:23:05 PM - DEBUG - Getting Toys
7/18/2022, 4:23:09 PM - INFO - Req was made
7/18/2022, 4:23:09 PM - DEBUG - Getting Toys
7/18/2022, 4:23:28 PM - INFO - Req was made
7/18/2022, 4:23:28 PM - DEBUG - Getting Toys
7/18/2022, 4:23:34 PM - INFO - Req was made
7/18/2022, 4:23:34 PM - DEBUG - Getting Toys
7/18/2022, 4:23:42 PM - INFO - Req was made
7/18/2022, 4:23:42 PM - DEBUG - Getting Toys
7/18/2022, 4:23:47 PM - INFO - Req was made
7/18/2022, 4:23:47 PM - DEBUG - Getting Toys
7/18/2022, 4:28:57 PM - INFO - Server is running on port: 3030
7/18/2022, 4:29:09 PM - INFO - Server is running on port: 3030
7/18/2022, 4:29:20 PM - INFO - Req was made
7/18/2022, 4:29:20 PM - DEBUG - Getting Toys
7/18/2022, 4:29:27 PM - INFO - Req was made
7/18/2022, 4:29:27 PM - DEBUG - Getting Toys
7/18/2022, 4:29:36 PM - INFO - Req was made
7/18/2022, 4:29:36 PM - DEBUG - Getting Toys
7/18/2022, 4:29:55 PM - INFO - Server is running on port: 3030
7/18/2022, 4:29:57 PM - INFO - Req was made
7/18/2022, 4:29:57 PM - DEBUG - Getting Toys
7/18/2022, 4:30:03 PM - INFO - Req was made
7/18/2022, 4:30:03 PM - DEBUG - Getting Toys
7/18/2022, 4:30:09 PM - INFO - Req was made
7/18/2022, 4:30:09 PM - DEBUG - Getting Toys
7/18/2022, 4:30:16 PM - INFO - Req was made
7/18/2022, 4:30:16 PM - DEBUG - Getting Toys
7/18/2022, 4:30:47 PM - INFO - Req was made
7/18/2022, 4:30:47 PM - DEBUG - Getting Toys
7/18/2022, 4:31:04 PM - INFO - Req was made
7/18/2022, 4:31:04 PM - DEBUG - Getting Toys
7/18/2022, 4:35:43 PM - INFO - Req was made
7/18/2022, 4:35:43 PM - DEBUG - Getting Toys
7/18/2022, 4:35:52 PM - INFO - Req was made
7/18/2022, 4:35:52 PM - DEBUG - Getting Toys
7/18/2022, 4:36:45 PM - INFO - Req was made
7/18/2022, 4:36:45 PM - DEBUG - Getting Toys
7/18/2022, 4:36:48 PM - INFO - Req was made
7/18/2022, 4:36:48 PM - DEBUG - Getting Toys
7/18/2022, 4:36:52 PM - INFO - Req was made
7/18/2022, 4:36:52 PM - DEBUG - Getting Toys
7/18/2022, 5:56:36 PM - INFO - Server is running on port: 3030
7/18/2022, 5:56:46 PM - INFO - Req was made
7/18/2022, 5:56:46 PM - DEBUG - Getting Toys
7/18/2022, 5:56:55 PM - INFO - Req was made
7/18/2022, 5:56:55 PM - DEBUG - Getting Toys
7/18/2022, 5:56:59 PM - INFO - Req was made
7/18/2022, 5:56:59 PM - DEBUG - Getting Toys
7/18/2022, 5:57:02 PM - INFO - Req was made
7/18/2022, 5:57:02 PM - DEBUG - Getting Toys
7/18/2022, 5:57:16 PM - INFO - Req was made
7/18/2022, 5:57:16 PM - DEBUG - Getting Toys
7/18/2022, 5:57:27 PM - INFO - Req was made
7/18/2022, 5:57:27 PM - DEBUG - Getting Toys
7/18/2022, 5:57:30 PM - INFO - Req was made
7/18/2022, 5:57:30 PM - DEBUG - Getting Toys
7/18/2022, 6:16:57 PM - INFO - Req was made
7/18/2022, 6:16:57 PM - DEBUG - Getting Toys
7/18/2022, 7:17:00 PM - INFO - Req was made
7/18/2022, 7:17:00 PM - DEBUG - Getting Toys
7/18/2022, 7:18:05 PM - INFO - Req was made
7/18/2022, 7:18:05 PM - DEBUG - Getting Toys
7/18/2022, 8:49:50 PM - INFO - Req was made
7/18/2022, 8:49:50 PM - DEBUG - Getting Toys
7/18/2022, 8:49:52 PM - INFO - Req was made
7/18/2022, 8:49:52 PM - DEBUG - Getting Toys
